2024-06-20 20:35:23 DEBUG TelegramBot:31 - ssss
2024-06-20 20:48:19 DEBUG TelegramBot:33 - хуй
2024-06-20 20:48:38 DEBUG TelegramBot:33 - йййй
2024-06-20 20:48:43 DEBUG TelegramBot:33 - qqqqwqwqw
2024-06-20 22:53:32 DEBUG TelegramBot:33 - я
2024-06-29 14:39:51 DEBUG TelegramBot:45 - Привет
2024-06-29 14:40:08 DEBUG TelegramBot:45 - 
2024-06-29 14:40:31 DEBUG TelegramBot:45 - 
2024-06-29 14:40:31 DEBUG TelegramBot:45 - 
2024-06-29 16:47:21 DEBUG UpdateProducerImpl:13 - Привет
2024-06-29 16:47:30 ERROR UpdateController:38 - Получен необрабатываемый тип сообщения: Update(updateId=695758974, message=null, inlineQuery=null, chosenInlineQuery=null, callbackQuery=null, editedMessage=Message(messageId=29, from=User(id=933156718, firstName=Леонид, isBot=false, lastName=null, userName=Leonud_Z, languageCode=ru, canJoinGroups=null, canReadAllGroupMessages=null, supportInlineQueries=null, isPremium=null, addedToAttachmentMenu=null), date=1719665241, chat=Chat(id=933156718, type=private, title=null, firstName=Леонид, lastName=null, userName=Leonud_Z, photo=null, description=null, inviteLink=null, pinnedMessage=null, stickerSetName=null, canSetStickerSet=null, permissions=null, slowModeDelay=null, bio=null, linkedChatId=null, location=null, messageAutoDeleteTime=null, hasPrivateForwards=null, HasProtectedContent=null, joinToSendMessages=null, joinByRequest=null), forwardFrom=null, forwardFromChat=null, forwardDate=null, text=Привет_1, entities=null, captionEntities=null, audio=null, document=null, photo=null, sticker=null, video=null, contact=null, location=null, venue=null, animation=null, pinnedMessage=null, newChatMembers=[], leftChatMember=null, newChatTitle=null, newChatPhoto=null, deleteChatPhoto=null, groupchatCreated=null, replyToMessage=null, voice=null, caption=null, superGroupCreated=null, channelChatCreated=null, migrateToChatId=null, migrateFromChatId=null, editDate=1719665250, game=null, forwardFromMessageId=null, invoice=null, successfulPayment=null, videoNote=null, authorSignature=null, forwardSignature=null, mediaGroupId=null, connectedWebsite=null, passportData=null, forwardSenderName=null, poll=null, replyMarkup=null, dice=null, viaBot=null, senderChat=null, proximityAlertTriggered=null, messageAutoDeleteTimerChanged=null, isAutomaticForward=null, hasProtectedContent=null, webAppData=null, videoChatStarted=null, videoChatEnded=null, videoChatParticipantsInvited=null, videoChatScheduled=null), channelPost=null, editedChannelPost=null, shippingQuery=null, preCheckoutQuery=null, poll=null, pollAnswer=null, myChatMember=null, chatMember=null, chatJoinRequest=null)
2024-06-29 16:48:05 DEBUG UpdateProducerImpl:13 - 
2024-06-29 16:48:09 DEBUG UpdateProducerImpl:13 - 
2024-07-02 16:44:53 DEBUG UpdateProducerImpl:20 - Hello
2024-07-02 19:29:29 DEBUG UpdateProducerImpl:20 - Hello
2024-07-02 19:29:37 DEBUG UpdateProducerImpl:20 - ne Hello
2024-07-02 19:29:46 DEBUG UpdateProducerImpl:20 - 
2024-07-02 19:32:28 DEBUG UpdateProducerImpl:20 - Привет
2024-07-02 19:32:45 DEBUG UpdateProducerImpl:20 - 1
2024-07-02 19:32:45 DEBUG UpdateProducerImpl:20 - 2
2024-07-02 19:32:46 DEBUG UpdateProducerImpl:20 - 3
2024-07-02 19:32:46 DEBUG UpdateProducerImpl:20 - 344
2024-07-02 19:32:46 DEBUG UpdateProducerImpl:20 - 5
2024-07-02 19:32:47 DEBUG UpdateProducerImpl:20 - 34
2024-07-02 19:32:47 DEBUG UpdateProducerImpl:20 - 2
2024-07-02 19:32:48 DEBUG UpdateProducerImpl:20 - 4
2024-07-02 19:32:48 DEBUG UpdateProducerImpl:20 - 2
2024-07-02 19:32:48 DEBUG UpdateProducerImpl:20 - 12
2024-07-02 19:32:49 DEBUG UpdateProducerImpl:20 - 3
2024-07-02 19:32:49 DEBUG UpdateProducerImpl:20 - 12
2024-07-02 19:32:49 DEBUG UpdateProducerImpl:20 - 2
2024-07-02 19:32:50 DEBUG UpdateProducerImpl:20 - 32
2024-07-02 19:32:50 DEBUG UpdateProducerImpl:20 - 1
2024-07-02 19:32:51 DEBUG UpdateProducerImpl:20 - 3
2024-07-02 19:32:51 DEBUG UpdateProducerImpl:20 - 1
2024-07-02 19:32:51 DEBUG UpdateProducerImpl:20 - 21
2024-07-02 19:32:52 DEBUG UpdateProducerImpl:20 - 2
2024-07-02 19:32:52 DEBUG UpdateProducerImpl:20 - 1
2024-07-02 19:32:52 DEBUG UpdateProducerImpl:20 - 2
2024-07-02 19:33:14 DEBUG UpdateProducerImpl:20 - 1
2024-07-02 19:33:15 DEBUG UpdateProducerImpl:20 - 12
2024-07-02 19:33:15 DEBUG UpdateProducerImpl:20 - 12
2024-07-02 19:33:15 DEBUG UpdateProducerImpl:20 - 12
2024-07-02 19:33:15 DEBUG UpdateProducerImpl:20 - 21
2024-07-02 19:33:16 DEBUG UpdateProducerImpl:20 - 2
2024-07-02 19:33:16 DEBUG UpdateProducerImpl:20 - 12
2024-07-02 19:33:16 DEBUG UpdateProducerImpl:20 - 1
2024-07-02 19:33:16 DEBUG UpdateProducerImpl:20 - 2
2024-07-02 19:33:16 DEBUG UpdateProducerImpl:20 - 12
2024-07-02 19:33:16 DEBUG UpdateProducerImpl:20 - 1
2024-07-02 19:33:17 DEBUG UpdateProducerImpl:20 - 21
2024-07-02 19:33:17 DEBUG UpdateProducerImpl:20 - 2
2024-07-02 19:33:17 DEBUG UpdateProducerImpl:20 - 1
2024-07-02 19:33:17 DEBUG UpdateProducerImpl:20 - 21
2024-07-02 19:33:17 DEBUG UpdateProducerImpl:20 - 2
2024-07-02 19:33:18 DEBUG UpdateProducerImpl:20 - 1
2024-07-02 19:33:18 DEBUG UpdateProducerImpl:20 - 21
2024-07-02 19:33:18 DEBUG UpdateProducerImpl:20 - 2
2024-07-02 19:33:18 DEBUG UpdateProducerImpl:20 - 12
2024-07-02 19:33:19 DEBUG UpdateProducerImpl:20 - 12
2024-07-02 19:33:19 DEBUG UpdateProducerImpl:20 - 1
2024-07-02 19:33:19 DEBUG UpdateProducerImpl:20 - 2
2024-07-02 19:33:20 DEBUG UpdateProducerImpl:20 - 12
2024-07-02 19:33:20 DEBUG UpdateProducerImpl:20 - 1
2024-07-02 19:33:32 DEBUG UpdateProducerImpl:20 - 21
2024-07-02 20:11:23 DEBUG UpdateProducerImpl:20 - 9
2024-07-04 19:01:23 DEBUG UpdateProducerImpl:20 - HI \
2024-07-04 19:01:26 DEBUG UpdateProducerImpl:20 - 1
2024-07-04 19:01:27 DEBUG UpdateProducerImpl:20 - 2
2024-07-04 19:01:27 DEBUG UpdateProducerImpl:20 - 3
2024-07-04 19:01:28 DEBUG UpdateProducerImpl:20 - 4
2024-07-04 19:01:28 DEBUG UpdateProducerImpl:20 - 5
2024-07-04 19:01:28 DEBUG UpdateProducerImpl:20 - 6
